[02:19:54] [ServerMain/INFO]: Environment: Environment[sessionHost=https://sessionserver.mojang.com, servicesHost=https://api.minecraftservices.com, name=PROD]
[02:19:58] [ServerMain/INFO]: Loaded 1407 recipes
[02:19:58] [ServerMain/INFO]: Loaded 1520 advancements
[02:19:58] [Server thread/INFO]: Starting minecraft server version 1.21.8
[02:19:58] [Server thread/INFO]: Loading properties
[02:19:58] [Server thread/INFO]: Default game type: SURVIVAL
[02:19:58] [Server thread/INFO]: Generating keypair
[02:19:58] [Server thread/INFO]: Starting Minecraft server on *:25565
[02:19:58] [Server thread/INFO]: Using epoll channel type
[02:19:58] [Server thread/WARN]: **** SERVER IS RUNNING IN OFFLINE/INSECURE MODE!
[02:19:58] [Server thread/WARN]: The server will make no attempt to authenticate usernames. Beware.
[02:19:58] [Server thread/WARN]: While this makes the game possible to play without internet access, it also opens up the ability for hackers to connect with any username they choose.
[02:19:58] [Server thread/WARN]: To change this, set "online-mode" to "true" in the server.properties file.
[02:19:58] [Server thread/INFO]: Preparing level "world"
[02:19:59] [Server thread/INFO]: Preparing start region for dimension minecraft:overworld
[02:20:08] [Worker-Main-1/INFO]: Preparing spawn area: 0%
[02:20:08] [Worker-Main-1/INFO]: Preparing spawn area: 0%
[02:20:08] [Worker-Main-1/INFO]: Preparing spawn area: 0%
[02:20:08] [Worker-Main-1/INFO]: Preparing spawn area: 0%
[02:20:08] [Worker-Main-1/INFO]: Preparing spawn area: 0%
[02:20:08] [Worker-Main-1/INFO]: Preparing spawn area: 0%
[02:20:08] [Worker-Main-1/INFO]: Preparing spawn area: 0%
[02:20:08] [Worker-Main-1/INFO]: Preparing spawn area: 0%
[02:20:08] [Worker-Main-1/INFO]: Preparing spawn area: 0%
[02:20:08] [Worker-Main-1/INFO]: Preparing spawn area: 0%
[02:20:08] [Worker-Main-1/INFO]: Preparing spawn area: 0%
[02:20:08] [Worker-Main-1/INFO]: Preparing spawn area: 0%
[02:20:08] [Worker-Main-1/INFO]: Preparing spawn area: 0%
[02:20:08] [Worker-Main-1/INFO]: Preparing spawn area: 0%
[02:20:08] [Worker-Main-1/INFO]: Preparing spawn area: 0%
[02:20:08] [Worker-Main-1/INFO]: Preparing spawn area: 0%
[02:20:08] [Worker-Main-1/INFO]: Preparing spawn area: 0%
[02:20:08] [Worker-Main-1/INFO]: Preparing spawn area: 0%
[02:20:08] [Worker-Main-1/INFO]: Preparing spawn area: 2%
[02:20:08] [Server thread/INFO]: Time elapsed: 9359 ms
[02:20:08] [Server thread/INFO]: Done (9.863s)! For help, type "help"
[02:21:08] [Server thread/INFO]: Server empty for 60 seconds, pausing
[02:21:45] [Server thread/INFO]: Sciross[/127.216.186.123:34671] logged in with entity id 12 at (180.83405060741032, 64.0, -315.79632825332163)
[02:21:45] [Server thread/INFO]: Sciross joined the game
[02:22:50] [Server thread/INFO]: Alex[/127.16.49.40:36005] logged in with entity id 458 at (132.45358097258946, 66.0, -363.6912710911579)
[02:22:50] [Server thread/INFO]: Alex joined the game
[02:24:43] [Server thread/INFO]: Set Sciross's game mode to Creative Mode
[02:29:48] [Server thread/INFO]: Sciross has made the advancement [Who Needs Rockets?]
[02:30:18] [Server thread/INFO]: Set Sciross's game mode to Survival Mode
[02:30:34] [Server thread/INFO]: Villager cuf['Toolsmith'/985, l='ServerLevel[world]', x=157.30, y=68.60, z=-371.30] died, message: 'Toolsmith was slain by Zombie'
[02:30:41] [Server thread/INFO]: Villager cuf['Villager'/998, l='ServerLevel[world]', x=162.21, y=68.56, z=-371.54] died, message: 'Villager was slain by Zombie'
[02:30:46] [Server thread/INFO]: Villager cuf['Villager'/1012, l='ServerLevel[world]', x=162.70, y=68.00, z=-377.30] died, message: 'Villager was slain by Zombie'
[02:30:48] [Server thread/INFO]: Villager cuf['Armorer'/974, l='ServerLevel[world]', x=157.34, y=68.00, z=-377.30] died, message: 'Armorer was slain by Zombie'
[02:30:53] [Server thread/INFO]: Villager cuf['Villager'/1041, l='ServerLevel[world]', x=157.43, y=68.56, z=-375.39] died, message: 'Villager was slain by Zombie'
[02:31:00] [Server thread/INFO]: Villager cuf['Villager'/1020, l='ServerLevel[world]', x=159.53, y=68.56, z=-371.33] died, message: 'Villager was slain by Zombie'
[02:34:56] [Server thread/INFO]: Alex has made the advancement [Suit Up]
[02:38:50] [Server thread/INFO]: Alex has made the advancement [Take Aim]
[02:49:08] [Server thread/INFO]: Alex has made the advancement [What a Deal!]
[02:54:52] [Server thread/INFO]: Alex has made the advancement [Ice Bucket Challenge]
[03:17:50] [Server thread/INFO]: Alex has made the advancement [We Need to Go Deeper]
[03:17:53] [Server thread/WARN]: Can't keep up! Is the server overloaded? Running 5861ms or 117 ticks behind
[03:18:19] [Server thread/INFO]: Alex has made the advancement [Hot Stuff]
[03:18:35] [Server thread/INFO]: Sciross has made the advancement [Hot Stuff]
[03:27:50] [Server thread/INFO]: Sciross has made the advancement [We Need to Go Deeper]
[03:34:03] [Server thread/INFO]: Alex tried to swim in lava to escape Magma Cube
[03:35:44] [Server thread/INFO]: Alex tried to swim in lava
[03:39:09] [Server thread/INFO]: The difficulty has been set to Hard
[03:53:37] [Server thread/INFO]: Villager cuf['Toolsmith'/1014, l='ServerLevel[world]', x=162.58, y=68.00, z=-377.30] died, message: 'Toolsmith was slain by Zombie'
[03:54:00] [Server thread/INFO]: Villager cuf['Fletcher'/1025, l='ServerLevel[world]', x=162.69, y=68.88, z=-372.45] died, message: 'Fletcher was slain by Zombie'
[03:54:16] [Server thread/INFO]: Villager cuf['Armorer'/990, l='ServerLevel[world]', x=159.46, y=68.50, z=-373.79] died, message: 'Armorer was slain by Zombie Villager'
[03:54:17] [Server thread/INFO]: Villager cuf['Villager'/1026, l='ServerLevel[world]', x=158.25, y=68.56, z=-371.43] died, message: 'Villager was slain by Zombie Villager'
[03:54:42] [Server thread/INFO]: Villager cuf['Mason'/1002, l='ServerLevel[world]', x=162.49, y=68.56, z=-375.17] died, message: 'Mason was slain by Zombie Villager'
[03:54:44] [Server thread/INFO]: Villager cuf['Fletcher'/982, l='ServerLevel[world]', x=162.15, y=68.69, z=-371.30] died, message: 'Fletcher was slain by Zombie Villager'
[03:55:47] [Server thread/INFO]: Sciross has made the advancement [Take Aim]
[03:58:44] [Server thread/INFO]: Sciross was slain by Iron Golem
[03:58:49] [Server thread/INFO]: Sciross was slain by Zombie Villager
[03:58:55] [Server thread/INFO]: Sciross was slain by Zombie Villager
[03:59:01] [Server thread/INFO]: Sciross was slain by Zombie Villager
[03:59:08] [Server thread/INFO]: Sciross was slain by Zombie Villager
[04:23:55] [Server thread/INFO]: Sciross has made the advancement [A Terrible Fortress]
[04:30:28] [Server thread/INFO]: Sciross has made the advancement [Diamonds!]
[04:31:09] [Server thread/INFO]: Alex was slain by Enderman
[04:32:44] [Server thread/INFO]: Sciross was slain by Wither Skeleton
[04:36:44] [Server thread/INFO]: Alex has made the advancement [A Terrible Fortress]
[04:36:45] [Server thread/INFO]: Sciross has made the advancement [Spooky Scary Skeleton]
